<?xml version="1.0" encoding="UTF-8"?>
<beans xmlns="http://www.springframework.org/schema/beans"
	xmlns:xsi="http://www.w3.org/2001/XMLSchema-instance"
	xmlns:beans="http://www.springframework.org/schema/beans"
	xmlns:context="http://www.springframework.org/schema/context"
	xmlns:mvc="http://www.springframework.org/schema/mvc"
	xmlns:tx="http://www.springframework.org/schema/tx"
	xsi:schemaLocation="http://www.springframework.org/schema/beans http://www.springframework.org/schema/beans/spring-beans.xsd
		http://www.springframework.org/schema/context http://www.springframework.org/schema/context/spring-context.xsd
		http://www.springframework.org/schema/mvc http://www.springframework.org/schema/mvc/spring-mvc-3.1.xsd
		http://www.springframework.org/schema/tx http://www.springframework.org/schema/tx/spring-tx-3.1.xsd">

	<!-- Before component-scan -->
	<bean class="org.springframework.beans.factory.config.CustomScopeConfigurer">
		<property name="scopes">
			<map>
				<entry key="session"><bean class="org.springframework.context.support.SimpleThreadScope"/></entry>
				<entry key="request"><bean class="org.springframework.context.support.SimpleThreadScope"/></entry>
			</map>
		</property>
	</bean>

	<context:component-scan base-package="org.osmsurround" />

	<mvc:annotation-driven>
		<mvc:message-converters>
			<bean class="org.springframework.http.converter.json.MappingJacksonHttpMessageConverter"></bean>
		</mvc:message-converters>
	</mvc:annotation-driven>

	<context:property-placeholder location="classpath:config.properties" />

	<bean id="messageSource" class="org.springframework.context.support.ReloadableResourceBundleMessageSource">
		<property name="basenames">
			<list>
				<value>WEB-INF/messages/content</value>
				<value>WEB-INF/messages/filter</value>
			</list>
		</property>
		<property name="useCodeAsDefaultMessage" value="false"></property>
		<property name="defaultEncoding" value="utf-8"></property>
		<property name="fallbackToSystemLocale" value="false"></property>
	</bean>

	<bean class="org.springframework.web.servlet.view.InternalResourceViewResolver">
		<property name="prefix" value="/WEB-INF/views/" />
		<property name="suffix" value=".jsp" />
	</bean>

	<tx:annotation-driven transaction-manager="transactionManager" proxy-target-class="true" />

	<bean id="transactionManager" class="org.springframework.jdbc.datasource.DataSourceTransactionManager">
		<property name="dataSource" ref="dataSource" />
	</bean>

	<bean id="dataSource" class="org.apache.commons.dbcp.BasicDataSource" destroy-method="close">
		<property name="driverClassName" value="org.h2.Driver" />
		<property name="url" value="jdbc:h2:mem:;LOG=0;MODE=POSTGRESQL;INIT=RUNSCRIPT FROM 'src/main/schema/test-data.sql'" />
		<property name="username" value="sa" />
		<property name="password" value="sa" />
	</bean>

	<bean id="jdbcTemplate" class="org.springframework.jdbc.core.JdbcTemplate">
		<property name="dataSource" ref="dataSource"></property>
	</bean>

	<bean id="restTemplate" class="org.springframework.web.client.RestTemplate">
		<property name="messageConverters">
			<list>
				<bean class="org.springframework.http.converter.xml.Jaxb2RootElementHttpMessageConverter" />
			</list>
		</property>
	</bean>

</beans>
